<?xml version="1.0" encoding="UTF-8"?>
<!-- Generated by org.testng.reporters.JUnitXMLReporter -->
<testsuite ignored="10" hostname="SINGH" failures="1" tests="9" name="Test" time="40.781" errors="0" timestamp="2023-01-24T18:14:32 IST">
  <testcase classname="com.mystore.testscripts.AddToCartPageTest" name="verifyAddToCart" time="5.928"/>
  <testcase classname="com.mystore.testscripts.CheckoutPageTest" name="verifyTotalPrice" time="7.225">
    <failure type="java.lang.AssertionError" message="expected [202.0] but found [505.0]">
      <![CDATA[java.lang.AssertionError: expected [202.0] but found [505.0]
at com.mystore.testscripts.CheckoutPageTest.verifyTotalPrice(CheckoutPageTest.java:61)
at java.base/java.util.ArrayList.forEach(ArrayList.java:1511)
... Removed 31 stack frames]]>
    </failure>
  </testcase> <!-- verifyTotalPrice -->
  <testcase classname="com.mystore.testscripts.LoginPageTest" name="loginTest" time="1.801"/>
  <testcase classname="com.mystore.testscripts.LoginPageTest" name="loginTest" time="1.605"/>
  <testcase classname="com.mystore.testscripts.SearchResultPageTest" name="serachResultTest" time="2.54"/>
  <testcase classname="com.mystore.testscripts.HomePageTest" name="verifyMyAccount" time="1.8"/>
  <testcase classname="com.mystore.testscripts.HomePageTest" name="verifyMyOrder" time="1.681"/>
  <testcase classname="com.mystore.testscripts.IndexPageTest" name="verifyLogo" time="0.067"/>
  <testcase classname="com.mystore.testscripts.IndexPageTest" name="verifyTitle" time="0.01"/>
  <testcase classname="com.mystore.base.BaseClass" name="@AfterSuite afterSuite" time="0.0">
    <ignored/>
  </testcase> <!-- @AfterSuite afterSuite -->
  <testcase classname="com.mystore.base.BaseClass" name="@AfterSuite afterSuite" time="0.0">
    <ignored/>
  </testcase> <!-- @AfterSuite afterSuite -->
  <testcase classname="com.mystore.base.BaseClass" name="@AfterSuite afterSuite" time="0.0">
    <ignored/>
  </testcase> <!-- @AfterSuite afterSuite -->
  <testcase classname="com.mystore.base.BaseClass" name="@AfterSuite afterSuite" time="0.0">
    <ignored/>
  </testcase> <!-- @AfterSuite afterSuite -->
  <testcase classname="com.mystore.base.BaseClass" name="@AfterSuite afterSuite" time="0.0">
    <ignored/>
  </testcase> <!-- @AfterSuite afterSuite -->
  <testcase classname="com.mystore.base.BaseClass" name="@BeforeSuite beforeSuite" time="0.0">
    <ignored/>
  </testcase> <!-- @BeforeSuite beforeSuite -->
  <testcase classname="com.mystore.base.BaseClass" name="@BeforeSuite beforeSuite" time="0.0">
    <ignored/>
  </testcase> <!-- @BeforeSuite beforeSuite -->
  <testcase classname="com.mystore.base.BaseClass" name="@BeforeSuite beforeSuite" time="0.0">
    <ignored/>
  </testcase> <!-- @BeforeSuite beforeSuite -->
  <testcase classname="com.mystore.base.BaseClass" name="@BeforeSuite beforeSuite" time="0.0">
    <ignored/>
  </testcase> <!-- @BeforeSuite beforeSuite -->
  <testcase classname="com.mystore.base.BaseClass" name="@BeforeSuite beforeSuite" time="0.0">
    <ignored/>
  </testcase> <!-- @BeforeSuite beforeSuite -->
</testsuite> <!-- Test -->
