<?xml version="1.0" encoding="UTF-8"?>
<!-- Generated by org.testng.reporters.JUnitXMLReporter -->
<testsuite ignored="12" hostname="SINGH" failures="1" tests="7" name="Test_smoke" time="19.395" errors="0" timestamp="2023-01-23T19:42:08 IST">
  <testcase classname="com.mystore.testscripts.LoginPageTest" name="loginTest" time="1.146"/>
  <testcase classname="com.mystore.testscripts.LoginPageTest" name="loginTest" time="0.988">
    <failure type="java.lang.AssertionError" message="expected [http://tutorialsninja.com/demo/index.php?route=account/account] but found [http://tutorialsninja.com/demo/index.php?route=account/login]">
      <![CDATA[java.lang.AssertionError: expected [http://tutorialsninja.com/demo/index.php?route=account/account] but found [http://tutorialsninja.com/demo/index.php?route=account/login]
at com.mystore.testscripts.LoginPageTest.loginTest(LoginPageTest.java:47)
at java.base/java.util.ArrayList.forEach(ArrayList.java:1511)
... Removed 33 stack frames]]>
    </failure>
  </testcase> <!-- loginTest -->
  <testcase classname="com.mystore.testscripts.SearchResultPageTest" name="serachResultTest" time="1.563"/>
  <testcase classname="com.mystore.testscripts.HomePageTest" name="verifyMyAccount" time="1.131"/>
  <testcase classname="com.mystore.testscripts.HomePageTest" name="verifyMyOrder" time="1.138"/>
  <testcase classname="com.mystore.testscripts.IndexPageTest" name="verifyLogo" time="0.05"/>
  <testcase classname="com.mystore.testscripts.IndexPageTest" name="verifyTitle" time="0.006"/>
  <testcase classname="com.mystore.base.BaseClass" name="@BeforeTest loadConfig" time="0.0">
    <ignored/>
  </testcase> <!-- @BeforeTest loadConfig -->
  <testcase classname="com.mystore.base.BaseClass" name="@BeforeTest loadConfig" time="0.0">
    <ignored/>
  </testcase> <!-- @BeforeTest loadConfig -->
  <testcase classname="com.mystore.base.BaseClass" name="@BeforeTest loadConfig" time="0.0">
    <ignored/>
  </testcase> <!-- @BeforeTest loadConfig -->
  <testcase classname="com.mystore.base.BaseClass" name="@BeforeTest loadConfig" time="0.0">
    <ignored/>
  </testcase> <!-- @BeforeTest loadConfig -->
  <testcase classname="com.mystore.base.BaseClass" name="@BeforeTest loadConfig" time="0.0">
    <ignored/>
  </testcase> <!-- @BeforeTest loadConfig -->
  <testcase classname="com.mystore.base.BaseClass" name="@BeforeSuite beforeSuite" time="0.0">
    <ignored/>
  </testcase> <!-- @BeforeSuite beforeSuite -->
  <testcase classname="com.mystore.base.BaseClass" name="@BeforeSuite beforeSuite" time="0.0">
    <ignored/>
  </testcase> <!-- @BeforeSuite beforeSuite -->
  <testcase classname="com.mystore.base.BaseClass" name="@BeforeSuite beforeSuite" time="0.0">
    <ignored/>
  </testcase> <!-- @BeforeSuite beforeSuite -->
  <testcase classname="com.mystore.base.BaseClass" name="@BeforeSuite beforeSuite" time="0.0">
    <ignored/>
  </testcase> <!-- @BeforeSuite beforeSuite -->
  <testcase classname="com.mystore.base.BaseClass" name="@BeforeSuite beforeSuite" time="0.0">
    <ignored/>
  </testcase> <!-- @BeforeSuite beforeSuite -->
  <testcase classname="com.mystore.testscripts.CheckoutPageTest" name="verifyTotalPrice" time="0.0">
    <ignored/>
  </testcase> <!-- verifyTotalPrice -->
  <testcase classname="com.mystore.testscripts.AddToCartPageTest" name="verifyAddToCart" time="0.0">
    <ignored/>
  </testcase> <!-- verifyAddToCart -->
</testsuite> <!-- Test_smoke -->
