<?xml version="1.0" encoding="UTF-8"?>
<testng-results ignored="10" total="19" passed="8" failed="1" skipped="0">
  <reporter-output>
  </reporter-output>
  <suite started-at="2023-01-24T18:13:51 IST" name="Suite" finished-at="2023-01-24T18:14:32 IST" duration-ms="40781">
    <groups>
      <group name="Sanity">
        <method signature="AddToCartPageTest.verifyAddToCart()[pri:0, instance:com.mystore.testscripts.AddToCartPageTest@4f2b503c]" name="verifyAddToCart" class="com.mystore.testscripts.AddToCartPageTest"/>
        <method signature="LoginPageTest.loginTest(java.lang.String,java.lang.String)[pri:0, instance:com.mystore.testscripts.LoginPageTest@c88a337]" name="loginTest" class="com.mystore.testscripts.LoginPageTest"/>
      </group> <!-- Sanity -->
      <group name="Regression">
        <method signature="AddToCartPageTest.verifyAddToCart()[pri:0, instance:com.mystore.testscripts.AddToCartPageTest@4f2b503c]" name="verifyAddToCart" class="com.mystore.testscripts.AddToCartPageTest"/>
        <method signature="CheckoutPageTest.verifyTotalPrice()[pri:0, instance:com.mystore.testscripts.CheckoutPageTest@342c38f8]" name="verifyTotalPrice" class="com.mystore.testscripts.CheckoutPageTest"/>
      </group> <!-- Regression -->
      <group name="Smoke">
        <method signature="HomePageTest.verifyMyAccount()[pri:0, instance:com.mystore.testscripts.HomePageTest@485966cc]" name="verifyMyAccount" class="com.mystore.testscripts.HomePageTest"/>
        <method signature="HomePageTest.verifyMyOrder()[pri:0, instance:com.mystore.testscripts.HomePageTest@485966cc]" name="verifyMyOrder" class="com.mystore.testscripts.HomePageTest"/>
        <method signature="IndexPageTest.verifyLogo()[pri:0, instance:com.mystore.testscripts.IndexPageTest@593aaf41]" name="verifyLogo" class="com.mystore.testscripts.IndexPageTest"/>
        <method signature="IndexPageTest.verifyTitle()[pri:0, instance:com.mystore.testscripts.IndexPageTest@593aaf41]" name="verifyTitle" class="com.mystore.testscripts.IndexPageTest"/>
        <method signature="LoginPageTest.loginTest(java.lang.String,java.lang.String)[pri:0, instance:com.mystore.testscripts.LoginPageTest@c88a337]" name="loginTest" class="com.mystore.testscripts.LoginPageTest"/>
        <method signature="SearchResultPageTest.serachResultTest()[pri:0, instance:com.mystore.testscripts.SearchResultPageTest@5d0a1059]" name="serachResultTest" class="com.mystore.testscripts.SearchResultPageTest"/>
      </group> <!-- Smoke -->
    </groups>
    <test started-at="2023-01-24T18:13:51 IST" name="Test" finished-at="2023-01-24T18:14:32 IST" duration-ms="40781">
      <class name="com.mystore.testscripts.LoginPageTest">
        <test-method is-config="true" signature="setup(java.lang.String)[pri:0, instance:com.mystore.testscripts.LoginPageTest@c88a337]" started-at="2023-01-24T18:14:10 IST" name="setup" finished-at="2023-01-24T18:14:12 IST" duration-ms="1536" status="PASS">
          <params>
            <param index="0">
              <value>
                <![CDATA[Chrome]]>
              </value>
            </param>
          </params>
          <reporter-output>
          </reporter-output>
        </test-method> <!-- setup -->
        <test-method signature="loginTest(java.lang.String,java.lang.String)[pri:0, instance:com.mystore.testscripts.LoginPageTest@c88a337]" started-at="2023-01-24T18:14:12 IST" name="loginTest" data-provider="credentials" finished-at="2023-01-24T18:14:13 IST" duration-ms="1801" status="PASS">
          <params>
            <param index="0">
              <value>
                <![CDATA[dcba321@gmail.com]]>
              </value>
            </param>
            <param index="1">
              <value>
                <![CDATA[satyam@123]]>
              </value>
            </param>
          </params>
          <reporter-output>
          </reporter-output>
        </test-method> <!-- loginTest -->
        <test-method is-config="true" signature="tearDown()[pri:0, instance:com.mystore.testscripts.LoginPageTest@c88a337]" started-at="2023-01-24T18:14:13 IST" name="tearDown" finished-at="2023-01-24T18:14:14 IST" duration-ms="144" status="PASS">
          <reporter-output>
          </reporter-output>
        </test-method> <!-- tearDown -->
        <test-method is-config="true" signature="setup(java.lang.String)[pri:0, instance:com.mystore.testscripts.LoginPageTest@c88a337]" started-at="2023-01-24T18:14:14 IST" name="setup" finished-at="2023-01-24T18:14:15 IST" duration-ms="1541" status="PASS">
          <params>
            <param index="0">
              <value>
                <![CDATA[Chrome]]>
              </value>
            </param>
          </params>
          <reporter-output>
          </reporter-output>
        </test-method> <!-- setup -->
        <test-method signature="loginTest(java.lang.String,java.lang.String)[pri:0, instance:com.mystore.testscripts.LoginPageTest@c88a337]" started-at="2023-01-24T18:14:15 IST" name="loginTest" data-provider="credentials" finished-at="2023-01-24T18:14:17 IST" duration-ms="1605" status="PASS">
          <params>
            <param index="0">
              <value>
                <![CDATA[dcba321@gmail.com]]>
              </value>
            </param>
            <param index="1">
              <value>
                <![CDATA[satyam@123]]>
              </value>
            </param>
          </params>
          <reporter-output>
          </reporter-output>
        </test-method> <!-- loginTest -->
        <test-method is-config="true" signature="tearDown()[pri:0, instance:com.mystore.testscripts.LoginPageTest@c88a337]" started-at="2023-01-24T18:14:17 IST" name="tearDown" finished-at="2023-01-24T18:14:17 IST" duration-ms="140" status="PASS">
          <reporter-output>
          </reporter-output>
        </test-method> <!-- tearDown -->
      </class> <!-- com.mystore.testscripts.LoginPageTest -->
      <class name="com.mystore.testscripts.CheckoutPageTest">
        <test-method is-config="true" signature="setup(java.lang.String)[pri:0, instance:com.mystore.testscripts.CheckoutPageTest@342c38f8]" started-at="2023-01-24T18:13:59 IST" name="setup" finished-at="2023-01-24T18:14:01 IST" duration-ms="1646" status="PASS">
          <params>
            <param index="0">
              <value>
                <![CDATA[Chrome]]>
              </value>
            </param>
          </params>
          <reporter-output>
          </reporter-output>
        </test-method> <!-- setup -->
        <test-method signature="verifyTotalPrice()[pri:0, instance:com.mystore.testscripts.CheckoutPageTest@342c38f8]" started-at="2023-01-24T18:14:01 IST" name="verifyTotalPrice" finished-at="2023-01-24T18:14:08 IST" duration-ms="7225" status="FAIL">
          <exception class="java.lang.AssertionError">
            <message>
              <![CDATA[expected [202.0] but found [505.0]]]>
            </message>
            <full-stacktrace>
              <![CDATA[java.lang.AssertionError: expected [202.0] but found [505.0]
at org.testng.Assert.fail(Assert.java:99)
at org.testng.Assert.failNotEquals(Assert.java:1037)
at org.testng.Assert.assertEquals(Assert.java:701)
at org.testng.Assert.assertEquals(Assert.java:712)
at com.mystore.testscripts.CheckoutPageTest.verifyTotalPrice(CheckoutPageTest.java:61)
at java.base/jdk.internal.reflect.NativeMethodAccessorImpl.invoke0(Native Method)
at java.base/jdk.internal.reflect.NativeMethodAccessorImpl.invoke(NativeMethodAccessorImpl.java:77)
at java.base/jdk.internal.reflect.DelegatingMethodAccessorImpl.invoke(DelegatingMethodAccessorImpl.java:43)
at java.base/java.lang.reflect.Method.invoke(Method.java:568)
at org.testng.internal.MethodInvocationHelper.invokeMethod(MethodInvocationHelper.java:133)
at org.testng.internal.TestInvoker.invokeMethod(TestInvoker.java:598)
at org.testng.internal.TestInvoker.invokeTestMethod(TestInvoker.java:173)
at org.testng.internal.MethodRunner.runInSequence(MethodRunner.java:46)
at org.testng.internal.TestInvoker$MethodInvocationAgent.invoke(TestInvoker.java:824)
at org.testng.internal.TestInvoker.invokeTestMethods(TestInvoker.java:146)
at org.testng.internal.TestMethodWorker.invokeTestMethods(TestMethodWorker.java:146)
at org.testng.internal.TestMethodWorker.run(TestMethodWorker.java:128)
at java.base/java.util.ArrayList.forEach(ArrayList.java:1511)
at org.testng.TestRunner.privateRun(TestRunner.java:794)
at org.testng.TestRunner.run(TestRunner.java:596)
at org.testng.SuiteRunner.runTest(SuiteRunner.java:377)
at org.testng.SuiteRunner.runSequentially(SuiteRunner.java:371)
at org.testng.SuiteRunner.privateRun(SuiteRunner.java:332)
at org.testng.SuiteRunner.run(SuiteRunner.java:276)
at org.testng.SuiteRunnerWorker.runSuite(SuiteRunnerWorker.java:53)
at org.testng.SuiteRunnerWorker.run(SuiteRunnerWorker.java:96)
at org.testng.TestNG.runSuitesSequentially(TestNG.java:1212)
at org.testng.TestNG.runSuitesLocally(TestNG.java:1134)
at org.testng.TestNG.runSuites(TestNG.java:1063)
at org.testng.TestNG.run(TestNG.java:1031)
at org.testng.remote.AbstractRemoteTestNG.run(AbstractRemoteTestNG.java:115)
at org.testng.remote.RemoteTestNG.initAndRun(RemoteTestNG.java:251)
at org.testng.remote.RemoteTestNG.main(RemoteTestNG.java:77)
]]>
            </full-stacktrace>
          </exception> <!-- java.lang.AssertionError -->
          <reporter-output>
          </reporter-output>
        </test-method> <!-- verifyTotalPrice -->
        <test-method is-config="true" signature="tearDown()[pri:0, instance:com.mystore.testscripts.CheckoutPageTest@342c38f8]" started-at="2023-01-24T18:14:09 IST" name="tearDown" finished-at="2023-01-24T18:14:09 IST" duration-ms="177" status="PASS">
          <reporter-output>
          </reporter-output>
        </test-method> <!-- tearDown -->
      </class> <!-- com.mystore.testscripts.CheckoutPageTest -->
      <class name="com.mystore.testscripts.HomePageTest">
        <test-method is-config="true" signature="setup(java.lang.String)[pri:0, instance:com.mystore.testscripts.HomePageTest@485966cc]" started-at="2023-01-24T18:14:21 IST" name="setup" finished-at="2023-01-24T18:14:23 IST" duration-ms="1435" status="PASS">
          <params>
            <param index="0">
              <value>
                <![CDATA[Chrome]]>
              </value>
            </param>
          </params>
          <reporter-output>
          </reporter-output>
        </test-method> <!-- setup -->
        <test-method signature="verifyMyAccount()[pri:0, instance:com.mystore.testscripts.HomePageTest@485966cc]" started-at="2023-01-24T18:14:23 IST" name="verifyMyAccount" finished-at="2023-01-24T18:14:24 IST" duration-ms="1800" status="PASS">
          <reporter-output>
          </reporter-output>
        </test-method> <!-- verifyMyAccount -->
        <test-method is-config="true" signature="tearDown()[pri:0, instance:com.mystore.testscripts.HomePageTest@485966cc]" started-at="2023-01-24T18:14:24 IST" name="tearDown" finished-at="2023-01-24T18:14:25 IST" duration-ms="172" status="PASS">
          <reporter-output>
          </reporter-output>
        </test-method> <!-- tearDown -->
        <test-method is-config="true" signature="setup(java.lang.String)[pri:0, instance:com.mystore.testscripts.HomePageTest@485966cc]" started-at="2023-01-24T18:14:25 IST" name="setup" finished-at="2023-01-24T18:14:26 IST" duration-ms="1705" status="PASS">
          <params>
            <param index="0">
              <value>
                <![CDATA[Chrome]]>
              </value>
            </param>
          </params>
          <reporter-output>
          </reporter-output>
        </test-method> <!-- setup -->
        <test-method signature="verifyMyOrder()[pri:0, instance:com.mystore.testscripts.HomePageTest@485966cc]" started-at="2023-01-24T18:14:26 IST" name="verifyMyOrder" finished-at="2023-01-24T18:14:28 IST" duration-ms="1681" status="PASS">
          <reporter-output>
          </reporter-output>
        </test-method> <!-- verifyMyOrder -->
        <test-method is-config="true" signature="tearDown()[pri:0, instance:com.mystore.testscripts.HomePageTest@485966cc]" started-at="2023-01-24T18:14:28 IST" name="tearDown" finished-at="2023-01-24T18:14:28 IST" duration-ms="135" status="PASS">
          <reporter-output>
          </reporter-output>
        </test-method> <!-- tearDown -->
      </class> <!-- com.mystore.testscripts.HomePageTest -->
      <class name="com.mystore.testscripts.SearchResultPageTest">
        <test-method is-config="true" signature="setup(java.lang.String)[pri:0, instance:com.mystore.testscripts.SearchResultPageTest@5d0a1059]" started-at="2023-01-24T18:14:17 IST" name="setup" finished-at="2023-01-24T18:14:18 IST" duration-ms="1563" status="PASS">
          <params>
            <param index="0">
              <value>
                <![CDATA[Chrome]]>
              </value>
            </param>
          </params>
          <reporter-output>
          </reporter-output>
        </test-method> <!-- setup -->
        <test-method signature="serachResultTest()[pri:0, instance:com.mystore.testscripts.SearchResultPageTest@5d0a1059]" started-at="2023-01-24T18:14:18 IST" name="serachResultTest" finished-at="2023-01-24T18:14:21 IST" duration-ms="2540" status="PASS">
          <reporter-output>
          </reporter-output>
        </test-method> <!-- serachResultTest -->
        <test-method is-config="true" signature="tearDown()[pri:0, instance:com.mystore.testscripts.SearchResultPageTest@5d0a1059]" started-at="2023-01-24T18:14:21 IST" name="tearDown" finished-at="2023-01-24T18:14:21 IST" duration-ms="161" status="PASS">
          <reporter-output>
          </reporter-output>
        </test-method> <!-- tearDown -->
      </class> <!-- com.mystore.testscripts.SearchResultPageTest -->
      <class name="com.mystore.testscripts.AddToCartPageTest">
        <test-method is-config="true" signature="beforeSuite()[pri:0, instance:com.mystore.testscripts.AddToCartPageTest@4f2b503c]" started-at="2023-01-24T18:13:51 IST" name="beforeSuite" finished-at="2023-01-24T18:13:51 IST" duration-ms="276" status="PASS">
          <reporter-output>
          </reporter-output>
        </test-method> <!-- beforeSuite -->
        <test-method is-config="true" signature="setup(java.lang.String)[pri:0, instance:com.mystore.testscripts.AddToCartPageTest@4f2b503c]" started-at="2023-01-24T18:13:51 IST" name="setup" finished-at="2023-01-24T18:13:53 IST" duration-ms="2258" status="PASS">
          <params>
            <param index="0">
              <value>
                <![CDATA[Chrome]]>
              </value>
            </param>
          </params>
          <reporter-output>
          </reporter-output>
        </test-method> <!-- setup -->
        <test-method signature="verifyAddToCart()[pri:0, instance:com.mystore.testscripts.AddToCartPageTest@4f2b503c]" started-at="2023-01-24T18:13:53 IST" name="verifyAddToCart" finished-at="2023-01-24T18:13:59 IST" duration-ms="5928" status="PASS">
          <reporter-output>
          </reporter-output>
        </test-method> <!-- verifyAddToCart -->
        <test-method is-config="true" signature="tearDown()[pri:0, instance:com.mystore.testscripts.AddToCartPageTest@4f2b503c]" started-at="2023-01-24T18:13:59 IST" name="tearDown" finished-at="2023-01-24T18:13:59 IST" duration-ms="217" status="PASS">
          <reporter-output>
          </reporter-output>
        </test-method> <!-- tearDown -->
        <test-method is-config="true" signature="afterSuite()[pri:0, instance:com.mystore.testscripts.AddToCartPageTest@4f2b503c]" started-at="2023-01-24T18:14:32 IST" name="afterSuite" finished-at="2023-01-24T18:14:32 IST" duration-ms="397" status="PASS">
          <reporter-output>
          </reporter-output>
        </test-method> <!-- afterSuite -->
      </class> <!-- com.mystore.testscripts.AddToCartPageTest -->
      <class name="com.mystore.testscripts.IndexPageTest">
        <test-method is-config="true" signature="setup(java.lang.String)[pri:0, instance:com.mystore.testscripts.IndexPageTest@593aaf41]" started-at="2023-01-24T18:14:28 IST" name="setup" finished-at="2023-01-24T18:14:30 IST" duration-ms="1446" status="PASS">
          <params>
            <param index="0">
              <value>
                <![CDATA[Chrome]]>
              </value>
            </param>
          </params>
          <reporter-output>
          </reporter-output>
        </test-method> <!-- setup -->
        <test-method signature="verifyLogo()[pri:0, instance:com.mystore.testscripts.IndexPageTest@593aaf41]" started-at="2023-01-24T18:14:30 IST" name="verifyLogo" finished-at="2023-01-24T18:14:30 IST" duration-ms="67" status="PASS">
          <reporter-output>
          </reporter-output>
        </test-method> <!-- verifyLogo -->
        <test-method is-config="true" signature="tearDown()[pri:0, instance:com.mystore.testscripts.IndexPageTest@593aaf41]" started-at="2023-01-24T18:14:30 IST" name="tearDown" finished-at="2023-01-24T18:14:30 IST" duration-ms="137" status="PASS">
          <reporter-output>
          </reporter-output>
        </test-method> <!-- tearDown -->
        <test-method is-config="true" signature="setup(java.lang.String)[pri:0, instance:com.mystore.testscripts.IndexPageTest@593aaf41]" started-at="2023-01-24T18:14:30 IST" name="setup" finished-at="2023-01-24T18:14:32 IST" duration-ms="1829" status="PASS">
          <params>
            <param index="0">
              <value>
                <![CDATA[Chrome]]>
              </value>
            </param>
          </params>
          <reporter-output>
          </reporter-output>
        </test-method> <!-- setup -->
        <test-method signature="verifyTitle()[pri:0, instance:com.mystore.testscripts.IndexPageTest@593aaf41]" started-at="2023-01-24T18:14:32 IST" name="verifyTitle" finished-at="2023-01-24T18:14:32 IST" duration-ms="10" status="PASS">
          <reporter-output>
          </reporter-output>
        </test-method> <!-- verifyTitle -->
        <test-method is-config="true" signature="tearDown()[pri:0, instance:com.mystore.testscripts.IndexPageTest@593aaf41]" started-at="2023-01-24T18:14:32 IST" name="tearDown" finished-at="2023-01-24T18:14:32 IST" duration-ms="153" status="PASS">
          <reporter-output>
          </reporter-output>
        </test-method> <!-- tearDown -->
      </class> <!-- com.mystore.testscripts.IndexPageTest -->
    </test> <!-- Test -->
  </suite> <!-- Suite -->
</testng-results>
